2019-11-16 17:50:26 ERROR [main] [org.apache.commons.digester3.Digester 1132] End event threw exception
java.lang.NoSuchMethodException: Bean has no property named name
	at org.apache.commons.digester3.BeanPropertySetterRule.end(BeanPropertySetterRule.java:206)
	at org.apache.commons.digester3.Digester.endElement(Digester.java:1128)
	at com.sun.org.apache.xerces.internal.parsers.AbstractSAXParser.endElement(AbstractSAXParser.java:609)
	at com.sun.org.apache.xerces.internal.impl.XMLDocumentFragmentScannerImpl.scanEndElement(XMLDocumentFragmentScannerImpl.java:1782)
	at com.sun.org.apache.xerces.internal.impl.XMLDocumentFragmentScannerImpl$FragmentContentDriver.next(XMLDocumentFragmentScannerImpl.java:2967)
	at com.sun.org.apache.xerces.internal.impl.XMLDocumentScannerImpl.next(XMLDocumentScannerImpl.java:602)
	at com.sun.org.apache.xerces.internal.impl.XMLDocumentFragmentScannerImpl.scanDocument(XMLDocumentFragmentScannerImpl.java:505)
	at com.sun.org.apache.xerces.internal.parsers.XML11Configuration.parse(XML11Configuration.java:841)
	at com.sun.org.apache.xerces.internal.parsers.XML11Configuration.parse(XML11Configuration.java:770)
	at com.sun.org.apache.xerces.internal.parsers.XMLParser.parse(XMLParser.java:141)
	at com.sun.org.apache.xerces.internal.parsers.AbstractSAXParser.parse(AbstractSAXParser.java:1213)
	at com.sun.org.apache.xerces.internal.jaxp.SAXParserImpl$JAXPSAXParser.parse(SAXParserImpl.java:643)
	at org.apache.commons.digester3.Digester.parse(Digester.java:1642)
	at org.apache.commons.digester3.Digester.parse(Digester.java:1588)
	at tomcat.learn.practice.digester.book.anno.Test2.readBooks(Test2.java:18)
	at tomcat.learn.practice.digester.book.anno.Test2.main(Test2.java:32)
2019-11-16 17:50:26 ERROR [main] [org.apache.commons.digester3.Digester 1652] An error occurred while parsing XML from 'file:/E:/code/tomcat/tomcat-skills-study/target/classes/digester/books.xml', see nested exceptions
org.xml.sax.SAXParseException; systemId: file:/E:/code/tomcat/tomcat-skills-study/target/classes/digester/books.xml; lineNumber: 5; columnNumber: 29; Error at line 5 char 29: Bean has no property named name
	at org.apache.commons.digester3.Digester.createSAXException(Digester.java:3118)
	at org.apache.commons.digester3.Digester.createSAXException(Digester.java:3146)
	at org.apache.commons.digester3.Digester.endElement(Digester.java:1133)
	at com.sun.org.apache.xerces.internal.parsers.AbstractSAXParser.endElement(AbstractSAXParser.java:609)
	at com.sun.org.apache.xerces.internal.impl.XMLDocumentFragmentScannerImpl.scanEndElement(XMLDocumentFragmentScannerImpl.java:1782)
	at com.sun.org.apache.xerces.internal.impl.XMLDocumentFragmentScannerImpl$FragmentContentDriver.next(XMLDocumentFragmentScannerImpl.java:2967)
	at com.sun.org.apache.xerces.internal.impl.XMLDocumentScannerImpl.next(XMLDocumentScannerImpl.java:602)
	at com.sun.org.apache.xerces.internal.impl.XMLDocumentFragmentScannerImpl.scanDocument(XMLDocumentFragmentScannerImpl.java:505)
	at com.sun.org.apache.xerces.internal.parsers.XML11Configuration.parse(XML11Configuration.java:841)
	at com.sun.org.apache.xerces.internal.parsers.XML11Configuration.parse(XML11Configuration.java:770)
	at com.sun.org.apache.xerces.internal.parsers.XMLParser.parse(XMLParser.java:141)
	at com.sun.org.apache.xerces.internal.parsers.AbstractSAXParser.parse(AbstractSAXParser.java:1213)
	at com.sun.org.apache.xerces.internal.jaxp.SAXParserImpl$JAXPSAXParser.parse(SAXParserImpl.java:643)
	at org.apache.commons.digester3.Digester.parse(Digester.java:1642)
	at org.apache.commons.digester3.Digester.parse(Digester.java:1588)
	at tomcat.learn.practice.digester.book.anno.Test2.readBooks(Test2.java:18)
	at tomcat.learn.practice.digester.book.anno.Test2.main(Test2.java:32)
Caused by: java.lang.NoSuchMethodException: Bean has no property named name
	at org.apache.commons.digester3.BeanPropertySetterRule.end(BeanPropertySetterRule.java:206)
	at org.apache.commons.digester3.Digester.endElement(Digester.java:1128)
	... 14 more
2019-11-17 21:33:24 ERROR [main] [org.apache.commons.digester3.Digester 1132] End event threw exception
java.lang.NoSuchMethodException: Bean has no property named name
	at org.apache.commons.digester3.BeanPropertySetterRule.end(BeanPropertySetterRule.java:206)
	at org.apache.commons.digester3.Digester.endElement(Digester.java:1128)
	at com.sun.org.apache.xerces.internal.parsers.AbstractSAXParser.endElement(AbstractSAXParser.java:609)
	at com.sun.org.apache.xerces.internal.impl.XMLDocumentFragmentScannerImpl.scanEndElement(XMLDocumentFragmentScannerImpl.java:1782)
	at com.sun.org.apache.xerces.internal.impl.XMLDocumentFragmentScannerImpl$FragmentContentDriver.next(XMLDocumentFragmentScannerImpl.java:2967)
	at com.sun.org.apache.xerces.internal.impl.XMLDocumentScannerImpl.next(XMLDocumentScannerImpl.java:602)
	at com.sun.org.apache.xerces.internal.impl.XMLDocumentFragmentScannerImpl.scanDocument(XMLDocumentFragmentScannerImpl.java:505)
	at com.sun.org.apache.xerces.internal.parsers.XML11Configuration.parse(XML11Configuration.java:841)
	at com.sun.org.apache.xerces.internal.parsers.XML11Configuration.parse(XML11Configuration.java:770)
	at com.sun.org.apache.xerces.internal.parsers.XMLParser.parse(XMLParser.java:141)
	at com.sun.org.apache.xerces.internal.parsers.AbstractSAXParser.parse(AbstractSAXParser.java:1213)
	at com.sun.org.apache.xerces.internal.jaxp.SAXParserImpl$JAXPSAXParser.parse(SAXParserImpl.java:643)
	at org.apache.commons.digester3.Digester.parse(Digester.java:1642)
	at org.apache.commons.digester3.Digester.parse(Digester.java:1588)
	at tomcat.learn.practice.xml.digester.book.noanno.Test1.parseXml(Test1.java:63)
	at tomcat.learn.practice.xml.digester.book.noanno.Test1.main(Test1.java:73)
2019-11-17 21:33:24 ERROR [main] [org.apache.commons.digester3.Digester 1652] An error occurred while parsing XML from 'file:/E:/code/tomcat/tomcat-skills-study/target/classes/xml/books.xml', see nested exceptions
org.xml.sax.SAXParseException; systemId: file:/E:/code/tomcat/tomcat-skills-study/target/classes/xml/books.xml; lineNumber: 11; columnNumber: 41; Error at line 11 char 41: Bean has no property named name
	at org.apache.commons.digester3.Digester.createSAXException(Digester.java:3118)
	at org.apache.commons.digester3.Digester.createSAXException(Digester.java:3146)
	at org.apache.commons.digester3.Digester.endElement(Digester.java:1133)
	at com.sun.org.apache.xerces.internal.parsers.AbstractSAXParser.endElement(AbstractSAXParser.java:609)
	at com.sun.org.apache.xerces.internal.impl.XMLDocumentFragmentScannerImpl.scanEndElement(XMLDocumentFragmentScannerImpl.java:1782)
	at com.sun.org.apache.xerces.internal.impl.XMLDocumentFragmentScannerImpl$FragmentContentDriver.next(XMLDocumentFragmentScannerImpl.java:2967)
	at com.sun.org.apache.xerces.internal.impl.XMLDocumentScannerImpl.next(XMLDocumentScannerImpl.java:602)
	at com.sun.org.apache.xerces.internal.impl.XMLDocumentFragmentScannerImpl.scanDocument(XMLDocumentFragmentScannerImpl.java:505)
	at com.sun.org.apache.xerces.internal.parsers.XML11Configuration.parse(XML11Configuration.java:841)
	at com.sun.org.apache.xerces.internal.parsers.XML11Configuration.parse(XML11Configuration.java:770)
	at com.sun.org.apache.xerces.internal.parsers.XMLParser.parse(XMLParser.java:141)
	at com.sun.org.apache.xerces.internal.parsers.AbstractSAXParser.parse(AbstractSAXParser.java:1213)
	at com.sun.org.apache.xerces.internal.jaxp.SAXParserImpl$JAXPSAXParser.parse(SAXParserImpl.java:643)
	at org.apache.commons.digester3.Digester.parse(Digester.java:1642)
	at org.apache.commons.digester3.Digester.parse(Digester.java:1588)
	at tomcat.learn.practice.xml.digester.book.noanno.Test1.parseXml(Test1.java:63)
	at tomcat.learn.practice.xml.digester.book.noanno.Test1.main(Test1.java:73)
Caused by: java.lang.NoSuchMethodException: Bean has no property named name
	at org.apache.commons.digester3.BeanPropertySetterRule.end(BeanPropertySetterRule.java:206)
	at org.apache.commons.digester3.Digester.endElement(Digester.java:1128)
	... 14 more
2019-11-17 21:35:43 ERROR [main] [org.apache.commons.digester3.Digester 1132] End event threw exception
java.lang.NoSuchMethodException: Bean has no property named bynameName
	at org.apache.commons.digester3.BeanPropertySetterRule.end(BeanPropertySetterRule.java:206)
	at org.apache.commons.digester3.Digester.endElement(Digester.java:1128)
	at com.sun.org.apache.xerces.internal.parsers.AbstractSAXParser.endElement(AbstractSAXParser.java:609)
	at com.sun.org.apache.xerces.internal.impl.XMLDocumentFragmentScannerImpl.scanEndElement(XMLDocumentFragmentScannerImpl.java:1782)
	at com.sun.org.apache.xerces.internal.impl.XMLDocumentFragmentScannerImpl$FragmentContentDriver.next(XMLDocumentFragmentScannerImpl.java:2967)
	at com.sun.org.apache.xerces.internal.impl.XMLDocumentScannerImpl.next(XMLDocumentScannerImpl.java:602)
	at com.sun.org.apache.xerces.internal.impl.XMLDocumentFragmentScannerImpl.scanDocument(XMLDocumentFragmentScannerImpl.java:505)
	at com.sun.org.apache.xerces.internal.parsers.XML11Configuration.parse(XML11Configuration.java:841)
	at com.sun.org.apache.xerces.internal.parsers.XML11Configuration.parse(XML11Configuration.java:770)
	at com.sun.org.apache.xerces.internal.parsers.XMLParser.parse(XMLParser.java:141)
	at com.sun.org.apache.xerces.internal.parsers.AbstractSAXParser.parse(AbstractSAXParser.java:1213)
	at com.sun.org.apache.xerces.internal.jaxp.SAXParserImpl$JAXPSAXParser.parse(SAXParserImpl.java:643)
	at org.apache.commons.digester3.Digester.parse(Digester.java:1642)
	at org.apache.commons.digester3.Digester.parse(Digester.java:1588)
	at tomcat.learn.practice.xml.digester.book.noanno.Test1.parseXml(Test1.java:63)
	at tomcat.learn.practice.xml.digester.book.noanno.Test1.main(Test1.java:73)
2019-11-17 21:35:43 ERROR [main] [org.apache.commons.digester3.Digester 1652] An error occurred while parsing XML from 'file:/E:/code/tomcat/tomcat-skills-study/target/classes/xml/books.xml', see nested exceptions
org.xml.sax.SAXParseException; systemId: file:/E:/code/tomcat/tomcat-skills-study/target/classes/xml/books.xml; lineNumber: 15; columnNumber: 40; Error at line 15 char 40: Bean has no property named bynameName
	at org.apache.commons.digester3.Digester.createSAXException(Digester.java:3118)
	at org.apache.commons.digester3.Digester.createSAXException(Digester.java:3146)
	at org.apache.commons.digester3.Digester.endElement(Digester.java:1133)
	at com.sun.org.apache.xerces.internal.parsers.AbstractSAXParser.endElement(AbstractSAXParser.java:609)
	at com.sun.org.apache.xerces.internal.impl.XMLDocumentFragmentScannerImpl.scanEndElement(XMLDocumentFragmentScannerImpl.java:1782)
	at com.sun.org.apache.xerces.internal.impl.XMLDocumentFragmentScannerImpl$FragmentContentDriver.next(XMLDocumentFragmentScannerImpl.java:2967)
	at com.sun.org.apache.xerces.internal.impl.XMLDocumentScannerImpl.next(XMLDocumentScannerImpl.java:602)
	at com.sun.org.apache.xerces.internal.impl.XMLDocumentFragmentScannerImpl.scanDocument(XMLDocumentFragmentScannerImpl.java:505)
	at com.sun.org.apache.xerces.internal.parsers.XML11Configuration.parse(XML11Configuration.java:841)
	at com.sun.org.apache.xerces.internal.parsers.XML11Configuration.parse(XML11Configuration.java:770)
	at com.sun.org.apache.xerces.internal.parsers.XMLParser.parse(XMLParser.java:141)
	at com.sun.org.apache.xerces.internal.parsers.AbstractSAXParser.parse(AbstractSAXParser.java:1213)
	at com.sun.org.apache.xerces.internal.jaxp.SAXParserImpl$JAXPSAXParser.parse(SAXParserImpl.java:643)
	at org.apache.commons.digester3.Digester.parse(Digester.java:1642)
	at org.apache.commons.digester3.Digester.parse(Digester.java:1588)
	at tomcat.learn.practice.xml.digester.book.noanno.Test1.parseXml(Test1.java:63)
	at tomcat.learn.practice.xml.digester.book.noanno.Test1.main(Test1.java:73)
Caused by: java.lang.NoSuchMethodException: Bean has no property named bynameName
	at org.apache.commons.digester3.BeanPropertySetterRule.end(BeanPropertySetterRule.java:206)
	at org.apache.commons.digester3.Digester.endElement(Digester.java:1128)
	... 14 more
2019-11-17 21:36:47 ERROR [main] [org.apache.commons.digester3.Digester 1132] End event threw exception
java.lang.NoSuchMethodException: Bean has no property named bynameName
	at org.apache.commons.digester3.BeanPropertySetterRule.end(BeanPropertySetterRule.java:206)
	at org.apache.commons.digester3.Digester.endElement(Digester.java:1128)
	at com.sun.org.apache.xerces.internal.parsers.AbstractSAXParser.endElement(AbstractSAXParser.java:609)
	at com.sun.org.apache.xerces.internal.impl.XMLDocumentFragmentScannerImpl.scanEndElement(XMLDocumentFragmentScannerImpl.java:1782)
	at com.sun.org.apache.xerces.internal.impl.XMLDocumentFragmentScannerImpl$FragmentContentDriver.next(XMLDocumentFragmentScannerImpl.java:2967)
	at com.sun.org.apache.xerces.internal.impl.XMLDocumentScannerImpl.next(XMLDocumentScannerImpl.java:602)
	at com.sun.org.apache.xerces.internal.impl.XMLDocumentFragmentScannerImpl.scanDocument(XMLDocumentFragmentScannerImpl.java:505)
	at com.sun.org.apache.xerces.internal.parsers.XML11Configuration.parse(XML11Configuration.java:841)
	at com.sun.org.apache.xerces.internal.parsers.XML11Configuration.parse(XML11Configuration.java:770)
	at com.sun.org.apache.xerces.internal.parsers.XMLParser.parse(XMLParser.java:141)
	at com.sun.org.apache.xerces.internal.parsers.AbstractSAXParser.parse(AbstractSAXParser.java:1213)
	at com.sun.org.apache.xerces.internal.jaxp.SAXParserImpl$JAXPSAXParser.parse(SAXParserImpl.java:643)
	at org.apache.commons.digester3.Digester.parse(Digester.java:1642)
	at org.apache.commons.digester3.Digester.parse(Digester.java:1588)
	at tomcat.learn.practice.xml.digester.book.noanno.Test1.parseXml(Test1.java:63)
	at tomcat.learn.practice.xml.digester.book.noanno.Test1.main(Test1.java:73)
2019-11-17 21:36:47 ERROR [main] [org.apache.commons.digester3.Digester 1652] An error occurred while parsing XML from 'file:/E:/code/tomcat/tomcat-skills-study/target/classes/xml/books.xml', see nested exceptions
org.xml.sax.SAXParseException; systemId: file:/E:/code/tomcat/tomcat-skills-study/target/classes/xml/books.xml; lineNumber: 15; columnNumber: 40; Error at line 15 char 40: Bean has no property named bynameName
	at org.apache.commons.digester3.Digester.createSAXException(Digester.java:3118)
	at org.apache.commons.digester3.Digester.createSAXException(Digester.java:3146)
	at org.apache.commons.digester3.Digester.endElement(Digester.java:1133)
	at com.sun.org.apache.xerces.internal.parsers.AbstractSAXParser.endElement(AbstractSAXParser.java:609)
	at com.sun.org.apache.xerces.internal.impl.XMLDocumentFragmentScannerImpl.scanEndElement(XMLDocumentFragmentScannerImpl.java:1782)
	at com.sun.org.apache.xerces.internal.impl.XMLDocumentFragmentScannerImpl$FragmentContentDriver.next(XMLDocumentFragmentScannerImpl.java:2967)
	at com.sun.org.apache.xerces.internal.impl.XMLDocumentScannerImpl.next(XMLDocumentScannerImpl.java:602)
	at com.sun.org.apache.xerces.internal.impl.XMLDocumentFragmentScannerImpl.scanDocument(XMLDocumentFragmentScannerImpl.java:505)
	at com.sun.org.apache.xerces.internal.parsers.XML11Configuration.parse(XML11Configuration.java:841)
	at com.sun.org.apache.xerces.internal.parsers.XML11Configuration.parse(XML11Configuration.java:770)
	at com.sun.org.apache.xerces.internal.parsers.XMLParser.parse(XMLParser.java:141)
	at com.sun.org.apache.xerces.internal.parsers.AbstractSAXParser.parse(AbstractSAXParser.java:1213)
	at com.sun.org.apache.xerces.internal.jaxp.SAXParserImpl$JAXPSAXParser.parse(SAXParserImpl.java:643)
	at org.apache.commons.digester3.Digester.parse(Digester.java:1642)
	at org.apache.commons.digester3.Digester.parse(Digester.java:1588)
	at tomcat.learn.practice.xml.digester.book.noanno.Test1.parseXml(Test1.java:63)
	at tomcat.learn.practice.xml.digester.book.noanno.Test1.main(Test1.java:73)
Caused by: java.lang.NoSuchMethodException: Bean has no property named bynameName
	at org.apache.commons.digester3.BeanPropertySetterRule.end(BeanPropertySetterRule.java:206)
	at org.apache.commons.digester3.Digester.endElement(Digester.java:1128)
	... 14 more
2019-11-17 21:38:27 ERROR [main] [org.apache.commons.digester3.Digester 1132] End event threw exception
java.lang.NoSuchMethodException: Bean has no property named bynameNames
	at org.apache.commons.digester3.BeanPropertySetterRule.end(BeanPropertySetterRule.java:206)
	at org.apache.commons.digester3.Digester.endElement(Digester.java:1128)
	at com.sun.org.apache.xerces.internal.parsers.AbstractSAXParser.endElement(AbstractSAXParser.java:609)
	at com.sun.org.apache.xerces.internal.impl.XMLDocumentFragmentScannerImpl.scanEndElement(XMLDocumentFragmentScannerImpl.java:1782)
	at com.sun.org.apache.xerces.internal.impl.XMLDocumentFragmentScannerImpl$FragmentContentDriver.next(XMLDocumentFragmentScannerImpl.java:2967)
	at com.sun.org.apache.xerces.internal.impl.XMLDocumentScannerImpl.next(XMLDocumentScannerImpl.java:602)
	at com.sun.org.apache.xerces.internal.impl.XMLDocumentFragmentScannerImpl.scanDocument(XMLDocumentFragmentScannerImpl.java:505)
	at com.sun.org.apache.xerces.internal.parsers.XML11Configuration.parse(XML11Configuration.java:841)
	at com.sun.org.apache.xerces.internal.parsers.XML11Configuration.parse(XML11Configuration.java:770)
	at com.sun.org.apache.xerces.internal.parsers.XMLParser.parse(XMLParser.java:141)
	at com.sun.org.apache.xerces.internal.parsers.AbstractSAXParser.parse(AbstractSAXParser.java:1213)
	at com.sun.org.apache.xerces.internal.jaxp.SAXParserImpl$JAXPSAXParser.parse(SAXParserImpl.java:643)
	at org.apache.commons.digester3.Digester.parse(Digester.java:1642)
	at org.apache.commons.digester3.Digester.parse(Digester.java:1588)
	at tomcat.learn.practice.xml.digester.book.noanno.Test1.parseXml(Test1.java:63)
	at tomcat.learn.practice.xml.digester.book.noanno.Test1.main(Test1.java:73)
2019-11-17 21:38:27 ERROR [main] [org.apache.commons.digester3.Digester 1652] An error occurred while parsing XML from 'file:/E:/code/tomcat/tomcat-skills-study/target/classes/xml/books.xml', see nested exceptions
org.xml.sax.SAXParseException; systemId: file:/E:/code/tomcat/tomcat-skills-study/target/classes/xml/books.xml; lineNumber: 15; columnNumber: 40; Error at line 15 char 40: Bean has no property named bynameNames
	at org.apache.commons.digester3.Digester.createSAXException(Digester.java:3118)
	at org.apache.commons.digester3.Digester.createSAXException(Digester.java:3146)
	at org.apache.commons.digester3.Digester.endElement(Digester.java:1133)
	at com.sun.org.apache.xerces.internal.parsers.AbstractSAXParser.endElement(AbstractSAXParser.java:609)
	at com.sun.org.apache.xerces.internal.impl.XMLDocumentFragmentScannerImpl.scanEndElement(XMLDocumentFragmentScannerImpl.java:1782)
	at com.sun.org.apache.xerces.internal.impl.XMLDocumentFragmentScannerImpl$FragmentContentDriver.next(XMLDocumentFragmentScannerImpl.java:2967)
	at com.sun.org.apache.xerces.internal.impl.XMLDocumentScannerImpl.next(XMLDocumentScannerImpl.java:602)
	at com.sun.org.apache.xerces.internal.impl.XMLDocumentFragmentScannerImpl.scanDocument(XMLDocumentFragmentScannerImpl.java:505)
	at com.sun.org.apache.xerces.internal.parsers.XML11Configuration.parse(XML11Configuration.java:841)
	at com.sun.org.apache.xerces.internal.parsers.XML11Configuration.parse(XML11Configuration.java:770)
	at com.sun.org.apache.xerces.internal.parsers.XMLParser.parse(XMLParser.java:141)
	at com.sun.org.apache.xerces.internal.parsers.AbstractSAXParser.parse(AbstractSAXParser.java:1213)
	at com.sun.org.apache.xerces.internal.jaxp.SAXParserImpl$JAXPSAXParser.parse(SAXParserImpl.java:643)
	at org.apache.commons.digester3.Digester.parse(Digester.java:1642)
	at org.apache.commons.digester3.Digester.parse(Digester.java:1588)
	at tomcat.learn.practice.xml.digester.book.noanno.Test1.parseXml(Test1.java:63)
	at tomcat.learn.practice.xml.digester.book.noanno.Test1.main(Test1.java:73)
Caused by: java.lang.NoSuchMethodException: Bean has no property named bynameNames
	at org.apache.commons.digester3.BeanPropertySetterRule.end(BeanPropertySetterRule.java:206)
	at org.apache.commons.digester3.Digester.endElement(Digester.java:1128)
	... 14 more
2019-11-17 21:39:45 ERROR [main] [org.apache.commons.digester3.Digester 1132] End event threw exception
java.lang.NoSuchMethodException: Bean has no property named bynameNames
	at org.apache.commons.digester3.BeanPropertySetterRule.end(BeanPropertySetterRule.java:206)
	at org.apache.commons.digester3.Digester.endElement(Digester.java:1128)
	at com.sun.org.apache.xerces.internal.parsers.AbstractSAXParser.endElement(AbstractSAXParser.java:609)
	at com.sun.org.apache.xerces.internal.impl.XMLDocumentFragmentScannerImpl.scanEndElement(XMLDocumentFragmentScannerImpl.java:1782)
	at com.sun.org.apache.xerces.internal.impl.XMLDocumentFragmentScannerImpl$FragmentContentDriver.next(XMLDocumentFragmentScannerImpl.java:2967)
	at com.sun.org.apache.xerces.internal.impl.XMLDocumentScannerImpl.next(XMLDocumentScannerImpl.java:602)
	at com.sun.org.apache.xerces.internal.impl.XMLDocumentFragmentScannerImpl.scanDocument(XMLDocumentFragmentScannerImpl.java:505)
	at com.sun.org.apache.xerces.internal.parsers.XML11Configuration.parse(XML11Configuration.java:841)
	at com.sun.org.apache.xerces.internal.parsers.XML11Configuration.parse(XML11Configuration.java:770)
	at com.sun.org.apache.xerces.internal.parsers.XMLParser.parse(XMLParser.java:141)
	at com.sun.org.apache.xerces.internal.parsers.AbstractSAXParser.parse(AbstractSAXParser.java:1213)
	at com.sun.org.apache.xerces.internal.jaxp.SAXParserImpl$JAXPSAXParser.parse(SAXParserImpl.java:643)
	at org.apache.commons.digester3.Digester.parse(Digester.java:1642)
	at org.apache.commons.digester3.Digester.parse(Digester.java:1588)
	at tomcat.learn.practice.xml.digester.book.noanno.Test1.parseXml(Test1.java:63)
	at tomcat.learn.practice.xml.digester.book.noanno.Test1.main(Test1.java:73)
2019-11-17 21:39:45 ERROR [main] [org.apache.commons.digester3.Digester 1652] An error occurred while parsing XML from 'file:/E:/code/tomcat/tomcat-skills-study/target/classes/xml/books.xml', see nested exceptions
org.xml.sax.SAXParseException; systemId: file:/E:/code/tomcat/tomcat-skills-study/target/classes/xml/books.xml; lineNumber: 15; columnNumber: 40; Error at line 15 char 40: Bean has no property named bynameNames
	at org.apache.commons.digester3.Digester.createSAXException(Digester.java:3118)
	at org.apache.commons.digester3.Digester.createSAXException(Digester.java:3146)
	at org.apache.commons.digester3.Digester.endElement(Digester.java:1133)
	at com.sun.org.apache.xerces.internal.parsers.AbstractSAXParser.endElement(AbstractSAXParser.java:609)
	at com.sun.org.apache.xerces.internal.impl.XMLDocumentFragmentScannerImpl.scanEndElement(XMLDocumentFragmentScannerImpl.java:1782)
	at com.sun.org.apache.xerces.internal.impl.XMLDocumentFragmentScannerImpl$FragmentContentDriver.next(XMLDocumentFragmentScannerImpl.java:2967)
	at com.sun.org.apache.xerces.internal.impl.XMLDocumentScannerImpl.next(XMLDocumentScannerImpl.java:602)
	at com.sun.org.apache.xerces.internal.impl.XMLDocumentFragmentScannerImpl.scanDocument(XMLDocumentFragmentScannerImpl.java:505)
	at com.sun.org.apache.xerces.internal.parsers.XML11Configuration.parse(XML11Configuration.java:841)
	at com.sun.org.apache.xerces.internal.parsers.XML11Configuration.parse(XML11Configuration.java:770)
	at com.sun.org.apache.xerces.internal.parsers.XMLParser.parse(XMLParser.java:141)
	at com.sun.org.apache.xerces.internal.parsers.AbstractSAXParser.parse(AbstractSAXParser.java:1213)
	at com.sun.org.apache.xerces.internal.jaxp.SAXParserImpl$JAXPSAXParser.parse(SAXParserImpl.java:643)
	at org.apache.commons.digester3.Digester.parse(Digester.java:1642)
	at org.apache.commons.digester3.Digester.parse(Digester.java:1588)
	at tomcat.learn.practice.xml.digester.book.noanno.Test1.parseXml(Test1.java:63)
	at tomcat.learn.practice.xml.digester.book.noanno.Test1.main(Test1.java:73)
Caused by: java.lang.NoSuchMethodException: Bean has no property named bynameNames
	at org.apache.commons.digester3.BeanPropertySetterRule.end(BeanPropertySetterRule.java:206)
	at org.apache.commons.digester3.Digester.endElement(Digester.java:1128)
	... 14 more
2019-11-17 21:40:09 ERROR [main] [org.apache.commons.digester3.Digester 1132] End event threw exception
java.lang.NoSuchMethodException: Bean has no property named bynameNames
	at org.apache.commons.digester3.BeanPropertySetterRule.end(BeanPropertySetterRule.java:206)
	at org.apache.commons.digester3.Digester.endElement(Digester.java:1128)
	at com.sun.org.apache.xerces.internal.parsers.AbstractSAXParser.endElement(AbstractSAXParser.java:609)
	at com.sun.org.apache.xerces.internal.impl.XMLDocumentFragmentScannerImpl.scanEndElement(XMLDocumentFragmentScannerImpl.java:1782)
	at com.sun.org.apache.xerces.internal.impl.XMLDocumentFragmentScannerImpl$FragmentContentDriver.next(XMLDocumentFragmentScannerImpl.java:2967)
	at com.sun.org.apache.xerces.internal.impl.XMLDocumentScannerImpl.next(XMLDocumentScannerImpl.java:602)
	at com.sun.org.apache.xerces.internal.impl.XMLDocumentFragmentScannerImpl.scanDocument(XMLDocumentFragmentScannerImpl.java:505)
	at com.sun.org.apache.xerces.internal.parsers.XML11Configuration.parse(XML11Configuration.java:841)
	at com.sun.org.apache.xerces.internal.parsers.XML11Configuration.parse(XML11Configuration.java:770)
	at com.sun.org.apache.xerces.internal.parsers.XMLParser.parse(XMLParser.java:141)
	at com.sun.org.apache.xerces.internal.parsers.AbstractSAXParser.parse(AbstractSAXParser.java:1213)
	at com.sun.org.apache.xerces.internal.jaxp.SAXParserImpl$JAXPSAXParser.parse(SAXParserImpl.java:643)
	at org.apache.commons.digester3.Digester.parse(Digester.java:1642)
	at org.apache.commons.digester3.Digester.parse(Digester.java:1588)
	at tomcat.learn.practice.xml.digester.book.noanno.Test1.parseXml(Test1.java:63)
	at tomcat.learn.practice.xml.digester.book.noanno.Test1.main(Test1.java:73)
2019-11-17 21:40:09 ERROR [main] [org.apache.commons.digester3.Digester 1652] An error occurred while parsing XML from 'file:/E:/code/tomcat/tomcat-skills-study/target/classes/xml/books.xml', see nested exceptions
org.xml.sax.SAXParseException; systemId: file:/E:/code/tomcat/tomcat-skills-study/target/classes/xml/books.xml; lineNumber: 15; columnNumber: 40; Error at line 15 char 40: Bean has no property named bynameNames
	at org.apache.commons.digester3.Digester.createSAXException(Digester.java:3118)
	at org.apache.commons.digester3.Digester.createSAXException(Digester.java:3146)
	at org.apache.commons.digester3.Digester.endElement(Digester.java:1133)
	at com.sun.org.apache.xerces.internal.parsers.AbstractSAXParser.endElement(AbstractSAXParser.java:609)
	at com.sun.org.apache.xerces.internal.impl.XMLDocumentFragmentScannerImpl.scanEndElement(XMLDocumentFragmentScannerImpl.java:1782)
	at com.sun.org.apache.xerces.internal.impl.XMLDocumentFragmentScannerImpl$FragmentContentDriver.next(XMLDocumentFragmentScannerImpl.java:2967)
	at com.sun.org.apache.xerces.internal.impl.XMLDocumentScannerImpl.next(XMLDocumentScannerImpl.java:602)
	at com.sun.org.apache.xerces.internal.impl.XMLDocumentFragmentScannerImpl.scanDocument(XMLDocumentFragmentScannerImpl.java:505)
	at com.sun.org.apache.xerces.internal.parsers.XML11Configuration.parse(XML11Configuration.java:841)
	at com.sun.org.apache.xerces.internal.parsers.XML11Configuration.parse(XML11Configuration.java:770)
	at com.sun.org.apache.xerces.internal.parsers.XMLParser.parse(XMLParser.java:141)
	at com.sun.org.apache.xerces.internal.parsers.AbstractSAXParser.parse(AbstractSAXParser.java:1213)
	at com.sun.org.apache.xerces.internal.jaxp.SAXParserImpl$JAXPSAXParser.parse(SAXParserImpl.java:643)
	at org.apache.commons.digester3.Digester.parse(Digester.java:1642)
	at org.apache.commons.digester3.Digester.parse(Digester.java:1588)
	at tomcat.learn.practice.xml.digester.book.noanno.Test1.parseXml(Test1.java:63)
	at tomcat.learn.practice.xml.digester.book.noanno.Test1.main(Test1.java:73)
Caused by: java.lang.NoSuchMethodException: Bean has no property named bynameNames
	at org.apache.commons.digester3.BeanPropertySetterRule.end(BeanPropertySetterRule.java:206)
	at org.apache.commons.digester3.Digester.endElement(Digester.java:1128)
	... 14 more
2019-11-17 21:40:23 ERROR [main] [org.apache.commons.digester3.Digester 1132] End event threw exception
java.lang.NoSuchMethodException: Bean has no property named authorNames
	at org.apache.commons.digester3.BeanPropertySetterRule.end(BeanPropertySetterRule.java:206)
	at org.apache.commons.digester3.Digester.endElement(Digester.java:1128)
	at com.sun.org.apache.xerces.internal.parsers.AbstractSAXParser.endElement(AbstractSAXParser.java:609)
	at com.sun.org.apache.xerces.internal.impl.XMLDocumentFragmentScannerImpl.scanEndElement(XMLDocumentFragmentScannerImpl.java:1782)
	at com.sun.org.apache.xerces.internal.impl.XMLDocumentFragmentScannerImpl$FragmentContentDriver.next(XMLDocumentFragmentScannerImpl.java:2967)
	at com.sun.org.apache.xerces.internal.impl.XMLDocumentScannerImpl.next(XMLDocumentScannerImpl.java:602)
	at com.sun.org.apache.xerces.internal.impl.XMLDocumentFragmentScannerImpl.scanDocument(XMLDocumentFragmentScannerImpl.java:505)
	at com.sun.org.apache.xerces.internal.parsers.XML11Configuration.parse(XML11Configuration.java:841)
	at com.sun.org.apache.xerces.internal.parsers.XML11Configuration.parse(XML11Configuration.java:770)
	at com.sun.org.apache.xerces.internal.parsers.XMLParser.parse(XMLParser.java:141)
	at com.sun.org.apache.xerces.internal.parsers.AbstractSAXParser.parse(AbstractSAXParser.java:1213)
	at com.sun.org.apache.xerces.internal.jaxp.SAXParserImpl$JAXPSAXParser.parse(SAXParserImpl.java:643)
	at org.apache.commons.digester3.Digester.parse(Digester.java:1642)
	at org.apache.commons.digester3.Digester.parse(Digester.java:1588)
	at tomcat.learn.practice.xml.digester.book.noanno.Test1.parseXml(Test1.java:63)
	at tomcat.learn.practice.xml.digester.book.noanno.Test1.main(Test1.java:73)
2019-11-17 21:40:23 ERROR [main] [org.apache.commons.digester3.Digester 1652] An error occurred while parsing XML from 'file:/E:/code/tomcat/tomcat-skills-study/target/classes/xml/books.xml', see nested exceptions
org.xml.sax.SAXParseException; systemId: file:/E:/code/tomcat/tomcat-skills-study/target/classes/xml/books.xml; lineNumber: 11; columnNumber: 41; Error at line 11 char 41: Bean has no property named authorNames
	at org.apache.commons.digester3.Digester.createSAXException(Digester.java:3118)
	at org.apache.commons.digester3.Digester.createSAXException(Digester.java:3146)
	at org.apache.commons.digester3.Digester.endElement(Digester.java:1133)
	at com.sun.org.apache.xerces.internal.parsers.AbstractSAXParser.endElement(AbstractSAXParser.java:609)
	at com.sun.org.apache.xerces.internal.impl.XMLDocumentFragmentScannerImpl.scanEndElement(XMLDocumentFragmentScannerImpl.java:1782)
	at com.sun.org.apache.xerces.internal.impl.XMLDocumentFragmentScannerImpl$FragmentContentDriver.next(XMLDocumentFragmentScannerImpl.java:2967)
	at com.sun.org.apache.xerces.internal.impl.XMLDocumentScannerImpl.next(XMLDocumentScannerImpl.java:602)
	at com.sun.org.apache.xerces.internal.impl.XMLDocumentFragmentScannerImpl.scanDocument(XMLDocumentFragmentScannerImpl.java:505)
	at com.sun.org.apache.xerces.internal.parsers.XML11Configuration.parse(XML11Configuration.java:841)
	at com.sun.org.apache.xerces.internal.parsers.XML11Configuration.parse(XML11Configuration.java:770)
	at com.sun.org.apache.xerces.internal.parsers.XMLParser.parse(XMLParser.java:141)
	at com.sun.org.apache.xerces.internal.parsers.AbstractSAXParser.parse(AbstractSAXParser.java:1213)
	at com.sun.org.apache.xerces.internal.jaxp.SAXParserImpl$JAXPSAXParser.parse(SAXParserImpl.java:643)
	at org.apache.commons.digester3.Digester.parse(Digester.java:1642)
	at org.apache.commons.digester3.Digester.parse(Digester.java:1588)
	at tomcat.learn.practice.xml.digester.book.noanno.Test1.parseXml(Test1.java:63)
	at tomcat.learn.practice.xml.digester.book.noanno.Test1.main(Test1.java:73)
Caused by: java.lang.NoSuchMethodException: Bean has no property named authorNames
	at org.apache.commons.digester3.BeanPropertySetterRule.end(BeanPropertySetterRule.java:206)
	at org.apache.commons.digester3.Digester.endElement(Digester.java:1128)
	... 14 more
2019-11-17 21:40:47 ERROR [main] [org.apache.commons.digester3.Digester 1132] End event threw exception
java.lang.NoSuchMethodException: Bean has no property named authorNames
	at org.apache.commons.digester3.BeanPropertySetterRule.end(BeanPropertySetterRule.java:206)
	at org.apache.commons.digester3.Digester.endElement(Digester.java:1128)
	at com.sun.org.apache.xerces.internal.parsers.AbstractSAXParser.endElement(AbstractSAXParser.java:609)
	at com.sun.org.apache.xerces.internal.impl.XMLDocumentFragmentScannerImpl.scanEndElement(XMLDocumentFragmentScannerImpl.java:1782)
	at com.sun.org.apache.xerces.internal.impl.XMLDocumentFragmentScannerImpl$FragmentContentDriver.next(XMLDocumentFragmentScannerImpl.java:2967)
	at com.sun.org.apache.xerces.internal.impl.XMLDocumentScannerImpl.next(XMLDocumentScannerImpl.java:602)
	at com.sun.org.apache.xerces.internal.impl.XMLDocumentFragmentScannerImpl.scanDocument(XMLDocumentFragmentScannerImpl.java:505)
	at com.sun.org.apache.xerces.internal.parsers.XML11Configuration.parse(XML11Configuration.java:841)
	at com.sun.org.apache.xerces.internal.parsers.XML11Configuration.parse(XML11Configuration.java:770)
	at com.sun.org.apache.xerces.internal.parsers.XMLParser.parse(XMLParser.java:141)
	at com.sun.org.apache.xerces.internal.parsers.AbstractSAXParser.parse(AbstractSAXParser.java:1213)
	at com.sun.org.apache.xerces.internal.jaxp.SAXParserImpl$JAXPSAXParser.parse(SAXParserImpl.java:643)
	at org.apache.commons.digester3.Digester.parse(Digester.java:1642)
	at org.apache.commons.digester3.Digester.parse(Digester.java:1588)
	at tomcat.learn.practice.xml.digester.book.noanno.Test1.parseXml(Test1.java:63)
	at tomcat.learn.practice.xml.digester.book.noanno.Test1.main(Test1.java:73)
2019-11-17 21:40:47 ERROR [main] [org.apache.commons.digester3.Digester 1652] An error occurred while parsing XML from 'file:/E:/code/tomcat/tomcat-skills-study/target/classes/xml/books.xml', see nested exceptions
org.xml.sax.SAXParseException; systemId: file:/E:/code/tomcat/tomcat-skills-study/target/classes/xml/books.xml; lineNumber: 11; columnNumber: 41; Error at line 11 char 41: Bean has no property named authorNames
	at org.apache.commons.digester3.Digester.createSAXException(Digester.java:3118)
	at org.apache.commons.digester3.Digester.createSAXException(Digester.java:3146)
	at org.apache.commons.digester3.Digester.endElement(Digester.java:1133)
	at com.sun.org.apache.xerces.internal.parsers.AbstractSAXParser.endElement(AbstractSAXParser.java:609)
	at com.sun.org.apache.xerces.internal.impl.XMLDocumentFragmentScannerImpl.scanEndElement(XMLDocumentFragmentScannerImpl.java:1782)
	at com.sun.org.apache.xerces.internal.impl.XMLDocumentFragmentScannerImpl$FragmentContentDriver.next(XMLDocumentFragmentScannerImpl.java:2967)
	at com.sun.org.apache.xerces.internal.impl.XMLDocumentScannerImpl.next(XMLDocumentScannerImpl.java:602)
	at com.sun.org.apache.xerces.internal.impl.XMLDocumentFragmentScannerImpl.scanDocument(XMLDocumentFragmentScannerImpl.java:505)
	at com.sun.org.apache.xerces.internal.parsers.XML11Configuration.parse(XML11Configuration.java:841)
	at com.sun.org.apache.xerces.internal.parsers.XML11Configuration.parse(XML11Configuration.java:770)
	at com.sun.org.apache.xerces.internal.parsers.XMLParser.parse(XMLParser.java:141)
	at com.sun.org.apache.xerces.internal.parsers.AbstractSAXParser.parse(AbstractSAXParser.java:1213)
	at com.sun.org.apache.xerces.internal.jaxp.SAXParserImpl$JAXPSAXParser.parse(SAXParserImpl.java:643)
	at org.apache.commons.digester3.Digester.parse(Digester.java:1642)
	at org.apache.commons.digester3.Digester.parse(Digester.java:1588)
	at tomcat.learn.practice.xml.digester.book.noanno.Test1.parseXml(Test1.java:63)
	at tomcat.learn.practice.xml.digester.book.noanno.Test1.main(Test1.java:73)
Caused by: java.lang.NoSuchMethodException: Bean has no property named authorNames
	at org.apache.commons.digester3.BeanPropertySetterRule.end(BeanPropertySetterRule.java:206)
	at org.apache.commons.digester3.Digester.endElement(Digester.java:1128)
	... 14 more
